{"/home/manotz/Documentos/proyectos/CursoFullStackNodejsReactTS/cashtraker/backend/src/server.ts": {"path":"/home/manotz/Documentos/proyectos/CursoFullStackNodejsReactTS/cashtraker/backend/src/server.ts","statementMap":{"0":{"start":{"line":9,"column":0},"end":{"line":9,"column":7}},"1":{"start":{"line":1,"column":0},"end":{"line":1,"column":29}},"2":{"start":{"line":2,"column":0},"end":{"line":2,"column":27}},"3":{"start":{"line":3,"column":0},"end":{"line":3,"column":27}},"4":{"start":{"line":4,"column":0},"end":{"line":4,"column":32}},"5":{"start":{"line":5,"column":0},"end":{"line":5,"column":49}},"6":{"start":{"line":6,"column":0},"end":{"line":6,"column":45}},"7":{"start":{"line":10,"column":4},"end":{"line":18,"column":5}},"8":{"start":{"line":11,"column":8},"end":{"line":11,"column":32}},"9":{"start":{"line":12,"column":8},"end":{"line":12,"column":18}},"10":{"start":{"line":13,"column":8},"end":{"line":13,"column":67}},"11":{"start":{"line":17,"column":8},"end":{"line":17,"column":66}},"12":{"start":{"line":21,"column":0},"end":{"line":21,"column":null}},"13":{"start":{"line":23,"column":12},"end":{"line":23,"column":21}},"14":{"start":{"line":25,"column":0},"end":{"line":25,"column":null}},"15":{"start":{"line":27,"column":0},"end":{"line":27,"column":null}},"16":{"start":{"line":30,"column":0},"end":{"line":30,"column":null}},"17":{"start":{"line":31,"column":0},"end":{"line":31,"column":null}},"18":{"start":{"line":34,"column":0},"end":{"line":34,"column":null}}},"fnMap":{"0":{"name":"connectDB","decl":{"start":{"line":9,"column":22},"end":{"line":9,"column":31}},"loc":{"start":{"line":9,"column":31},"end":{"line":19,"column":1}}}},"branchMap":{},"s":{"0":1,"1":1,"2":1,"3":1,"4":1,"5":1,"6":1,"7":1,"8":1,"9":1,"10":1,"11":0,"12":1,"13":1,"14":1,"15":1,"16":1,"17":1,"18":1},"f":{"0":1},"b":{}}
,"/home/manotz/Documentos/proyectos/CursoFullStackNodejsReactTS/cashtraker/backend/src/config/db.ts": {"path":"/home/manotz/Documentos/proyectos/CursoFullStackNodejsReactTS/cashtraker/backend/src/config/db.ts","statementMap":{"0":{"start":{"line":1,"column":0},"end":{"line":1,"column":49}},"1":{"start":{"line":2,"column":0},"end":{"line":2,"column":27}},"2":{"start":{"line":3,"column":0},"end":{"line":3,"column":null}},"3":{"start":{"line":5,"column":13},"end":{"line":13,"column":null}}},"fnMap":{},"branchMap":{},"s":{"0":1,"1":1,"2":1,"3":1},"f":{},"b":{}}
,"/home/manotz/Documentos/proyectos/CursoFullStackNodejsReactTS/cashtraker/backend/src/config/limiter.ts": {"path":"/home/manotz/Documentos/proyectos/CursoFullStackNodejsReactTS/cashtraker/backend/src/config/limiter.ts","statementMap":{"0":{"start":{"line":1,"column":0},"end":{"line":1,"column":44}},"1":{"start":{"line":3,"column":13},"end":{"line":7,"column":null}}},"fnMap":{},"branchMap":{"0":{"loc":{"start":{"line":5,"column":11},"end":{"line":5,"column":58}},"type":"cond-expr","locations":[{"start":{"line":5,"column":51},"end":{"line":5,"column":52}},{"start":{"line":5,"column":55},"end":{"line":5,"column":58}}]}},"s":{"0":1,"1":1},"f":{},"b":{"0":[0,1]}}
,"/home/manotz/Documentos/proyectos/CursoFullStackNodejsReactTS/cashtraker/backend/src/config/nodemailer.ts": {"path":"/home/manotz/Documentos/proyectos/CursoFullStackNodejsReactTS/cashtraker/backend/src/config/nodemailer.ts","statementMap":{"0":{"start":{"line":1,"column":0},"end":{"line":1,"column":36}},"1":{"start":{"line":2,"column":0},"end":{"line":2,"column":28}},"2":{"start":{"line":4,"column":0},"end":{"line":4,"column":16}},"3":{"start":{"line":6,"column":15},"end":{"line":15,"column":1}},"4":{"start":{"line":7,"column":4},"end":{"line":14,"column":null}},"5":{"start":{"line":18,"column":13},"end":{"line":18,"column":62}}},"fnMap":{"0":{"name":"(anonymous_1)","decl":{"start":{"line":6,"column":15},"end":{"line":6,"column":18}},"loc":{"start":{"line":6,"column":20},"end":{"line":15,"column":1}}}},"branchMap":{},"s":{"0":2,"1":2,"2":2,"3":2,"4":2,"5":2},"f":{"0":2},"b":{}}
,"/home/manotz/Documentos/proyectos/CursoFullStackNodejsReactTS/cashtraker/backend/src/controllers/AuthController.ts": {"path":"/home/manotz/Documentos/proyectos/CursoFullStackNodejsReactTS/cashtraker/backend/src/controllers/AuthController.ts","statementMap":{"0":{"start":{"line":2,"column":0},"end":{"line":2,"column":34}},"1":{"start":{"line":3,"column":0},"end":{"line":3,"column":60}},"2":{"start":{"line":4,"column":0},"end":{"line":4,"column":47}},"3":{"start":{"line":5,"column":0},"end":{"line":5,"column":48}},"4":{"start":{"line":6,"column":0},"end":{"line":6,"column":43}},"5":{"start":{"line":10,"column":31},"end":{"line":55,"column":9}},"6":{"start":{"line":12,"column":38},"end":{"line":12,"column":46}},"7":{"start":{"line":16,"column":31},"end":{"line":20,"column":14}},"8":{"start":{"line":22,"column":12},"end":{"line":26,"column":13}},"9":{"start":{"line":23,"column":30},"end":{"line":23,"column":86}},"10":{"start":{"line":24,"column":16},"end":{"line":24,"column":60}},"11":{"start":{"line":25,"column":16},"end":{"line":25,"column":22}},"12":{"start":{"line":28,"column":12},"end":{"line":54,"column":13}},"13":{"start":{"line":29,"column":29},"end":{"line":29,"column":56}},"14":{"start":{"line":31,"column":16},"end":{"line":31,"column":61}},"15":{"start":{"line":32,"column":30},"end":{"line":32,"column":45}},"16":{"start":{"line":33,"column":16},"end":{"line":33,"column":35}},"17":{"start":{"line":35,"column":16},"end":{"line":37,"column":17}},"18":{"start":{"line":36,"column":20},"end":{"line":36,"column":66}},"19":{"start":{"line":39,"column":16},"end":{"line":39,"column":39}},"20":{"start":{"line":40,"column":16},"end":{"line":40,"column":34}},"21":{"start":{"line":42,"column":16},"end":{"line":46,"column":null}},"22":{"start":{"line":48,"column":16},"end":{"line":48,"column":68}},"23":{"start":{"line":53,"column":16},"end":{"line":53,"column":null}},"24":{"start":{"line":58,"column":32},"end":{"line":77,"column":9}},"25":{"start":{"line":60,"column":28},"end":{"line":60,"column":36}},"26":{"start":{"line":62,"column":25},"end":{"line":62,"column":60}},"27":{"start":{"line":64,"column":12},"end":{"line":68,"column":13}},"28":{"start":{"line":65,"column":30},"end":{"line":65,"column":58}},"29":{"start":{"line":66,"column":16},"end":{"line":66,"column":60}},"30":{"start":{"line":67,"column":16},"end":{"line":67,"column":22}},"31":{"start":{"line":70,"column":12},"end":{"line":70,"column":34}},"32":{"start":{"line":71,"column":12},"end":{"line":71,"column":30}},"33":{"start":{"line":73,"column":12},"end":{"line":73,"column":30}},"34":{"start":{"line":75,"column":12},"end":{"line":75,"column":56}},"35":{"start":{"line":80,"column":23},"end":{"line":111,"column":9}},"36":{"start":{"line":82,"column":38},"end":{"line":82,"column":46}},"37":{"start":{"line":84,"column":25},"end":{"line":84,"column":60}},"38":{"start":{"line":86,"column":12},"end":{"line":90,"column":13}},"39":{"start":{"line":87,"column":30},"end":{"line":87,"column":64}},"40":{"start":{"line":88,"column":16},"end":{"line":88,"column":60}},"41":{"start":{"line":89,"column":16},"end":{"line":89,"column":22}},"42":{"start":{"line":92,"column":12},"end":{"line":96,"column":13}},"43":{"start":{"line":93,"column":30},"end":{"line":93,"column":74}},"44":{"start":{"line":94,"column":16},"end":{"line":94,"column":60}},"45":{"start":{"line":95,"column":16},"end":{"line":95,"column":22}},"46":{"start":{"line":98,"column":38},"end":{"line":98,"column":82}},"47":{"start":{"line":101,"column":12},"end":{"line":105,"column":13}},"48":{"start":{"line":102,"column":30},"end":{"line":102,"column":62}},"49":{"start":{"line":103,"column":16},"end":{"line":103,"column":60}},"50":{"start":{"line":104,"column":16},"end":{"line":104,"column":22}},"51":{"start":{"line":107,"column":26},"end":{"line":107,"column":46}},"52":{"start":{"line":109,"column":12},"end":{"line":109,"column":28}},"53":{"start":{"line":114,"column":32},"end":{"line":138,"column":9}},"54":{"start":{"line":116,"column":28},"end":{"line":116,"column":36}},"55":{"start":{"line":118,"column":25},"end":{"line":118,"column":60}},"56":{"start":{"line":120,"column":12},"end":{"line":124,"column":13}},"57":{"start":{"line":121,"column":30},"end":{"line":121,"column":64}},"58":{"start":{"line":122,"column":16},"end":{"line":122,"column":60}},"59":{"start":{"line":123,"column":16},"end":{"line":123,"column":22}},"60":{"start":{"line":126,"column":12},"end":{"line":126,"column":41}},"61":{"start":{"line":128,"column":12},"end":{"line":128,"column":30}},"62":{"start":{"line":130,"column":12},"end":{"line":134,"column":null}},"63":{"start":{"line":136,"column":12},"end":{"line":136,"column":null}},"64":{"start":{"line":140,"column":31},"end":{"line":154,"column":9}},"65":{"start":{"line":142,"column":28},"end":{"line":142,"column":36}},"66":{"start":{"line":144,"column":32},"end":{"line":144,"column":67}},"67":{"start":{"line":146,"column":12},"end":{"line":150,"column":13}},"68":{"start":{"line":147,"column":30},"end":{"line":147,"column":58}},"69":{"start":{"line":148,"column":16},"end":{"line":148,"column":null}},"70":{"start":{"line":149,"column":16},"end":{"line":149,"column":22}},"71":{"start":{"line":152,"column":12},"end":{"line":152,"column":null}},"72":{"start":{"line":157,"column":40},"end":{"line":179,"column":9}},"73":{"start":{"line":159,"column":28},"end":{"line":159,"column":38}},"74":{"start":{"line":161,"column":31},"end":{"line":161,"column":39}},"75":{"start":{"line":163,"column":25},"end":{"line":163,"column":60}},"76":{"start":{"line":165,"column":12},"end":{"line":169,"column":13}},"77":{"start":{"line":166,"column":30},"end":{"line":166,"column":58}},"78":{"start":{"line":167,"column":16},"end":{"line":167,"column":null}},"79":{"start":{"line":168,"column":16},"end":{"line":168,"column":22}},"80":{"start":{"line":172,"column":12},"end":{"line":172,"column":57}},"81":{"start":{"line":173,"column":12},"end":{"line":173,"column":30}},"82":{"start":{"line":175,"column":12},"end":{"line":175,"column":30}},"83":{"start":{"line":177,"column":12},"end":{"line":177,"column":62}},"84":{"start":{"line":182,"column":22},"end":{"line":184,"column":9}},"85":{"start":{"line":183,"column":12},"end":{"line":183,"column":31}},"86":{"start":{"line":186,"column":43},"end":{"line":207,"column":9}},"87":{"start":{"line":187,"column":49},"end":{"line":187,"column":57}},"88":{"start":{"line":190,"column":25},"end":{"line":190,"column":33}},"89":{"start":{"line":192,"column":25},"end":{"line":192,"column":48}},"90":{"start":{"line":194,"column":38},"end":{"line":194,"column":90}},"91":{"start":{"line":196,"column":12},"end":{"line":200,"column":13}},"92":{"start":{"line":197,"column":30},"end":{"line":197,"column":76}},"93":{"start":{"line":198,"column":16},"end":{"line":198,"column":60}},"94":{"start":{"line":199,"column":16},"end":{"line":199,"column":22}},"95":{"start":{"line":202,"column":12},"end":{"line":202,"column":57}},"96":{"start":{"line":204,"column":12},"end":{"line":204,"column":30}},"97":{"start":{"line":206,"column":12},"end":{"line":206,"column":62}},"98":{"start":{"line":210,"column":31},"end":{"line":228,"column":9}},"99":{"start":{"line":212,"column":31},"end":{"line":212,"column":39}},"100":{"start":{"line":214,"column":25},"end":{"line":214,"column":57}},"101":{"start":{"line":216,"column":38},"end":{"line":216,"column":82}},"102":{"start":{"line":218,"column":12},"end":{"line":222,"column":13}},"103":{"start":{"line":219,"column":30},"end":{"line":219,"column":69}},"104":{"start":{"line":220,"column":16},"end":{"line":220,"column":60}},"105":{"start":{"line":221,"column":16},"end":{"line":221,"column":22}},"106":{"start":{"line":224,"column":12},"end":{"line":224,"column":42}},"107":{"start":{"line":9,"column":0},"end":{"line":9,"column":13}}},"fnMap":{"0":{"name":"(anonymous_1)","decl":{"start":{"line":10,"column":31},"end":{"line":10,"column":36}},"loc":{"start":{"line":10,"column":69},"end":{"line":55,"column":9}}},"1":{"name":"(anonymous_2)","decl":{"start":{"line":58,"column":32},"end":{"line":58,"column":37}},"loc":{"start":{"line":58,"column":69},"end":{"line":77,"column":9}}},"2":{"name":"(anonymous_3)","decl":{"start":{"line":80,"column":23},"end":{"line":80,"column":28}},"loc":{"start":{"line":80,"column":60},"end":{"line":111,"column":9}}},"3":{"name":"(anonymous_4)","decl":{"start":{"line":114,"column":32},"end":{"line":114,"column":37}},"loc":{"start":{"line":114,"column":69},"end":{"line":138,"column":9}}},"4":{"name":"(anonymous_5)","decl":{"start":{"line":140,"column":31},"end":{"line":140,"column":36}},"loc":{"start":{"line":140,"column":68},"end":{"line":154,"column":9}}},"5":{"name":"(anonymous_6)","decl":{"start":{"line":157,"column":40},"end":{"line":157,"column":45}},"loc":{"start":{"line":157,"column":77},"end":{"line":179,"column":9}}},"6":{"name":"(anonymous_7)","decl":{"start":{"line":182,"column":22},"end":{"line":182,"column":27}},"loc":{"start":{"line":182,"column":59},"end":{"line":184,"column":9}}},"7":{"name":"(anonymous_8)","decl":{"start":{"line":186,"column":43},"end":{"line":186,"column":48}},"loc":{"start":{"line":186,"column":80},"end":{"line":207,"column":9}}},"8":{"name":"(anonymous_9)","decl":{"start":{"line":210,"column":31},"end":{"line":210,"column":36}},"loc":{"start":{"line":210,"column":68},"end":{"line":228,"column":9}}}},"branchMap":{"0":{"loc":{"start":{"line":22,"column":12},"end":{"line":26,"column":13}},"type":"if","locations":[{"start":{"line":22,"column":12},"end":{"line":26,"column":13}}]},"1":{"loc":{"start":{"line":35,"column":16},"end":{"line":37,"column":17}},"type":"if","locations":[{"start":{"line":35,"column":16},"end":{"line":37,"column":17}}]},"2":{"loc":{"start":{"line":64,"column":12},"end":{"line":68,"column":13}},"type":"if","locations":[{"start":{"line":64,"column":12},"end":{"line":68,"column":13}}]},"3":{"loc":{"start":{"line":86,"column":12},"end":{"line":90,"column":13}},"type":"if","locations":[{"start":{"line":86,"column":12},"end":{"line":90,"column":13}}]},"4":{"loc":{"start":{"line":92,"column":12},"end":{"line":96,"column":13}},"type":"if","locations":[{"start":{"line":92,"column":12},"end":{"line":96,"column":13}}]},"5":{"loc":{"start":{"line":101,"column":12},"end":{"line":105,"column":13}},"type":"if","locations":[{"start":{"line":101,"column":12},"end":{"line":105,"column":13}}]},"6":{"loc":{"start":{"line":120,"column":12},"end":{"line":124,"column":13}},"type":"if","locations":[{"start":{"line":120,"column":12},"end":{"line":124,"column":13}}]},"7":{"loc":{"start":{"line":146,"column":12},"end":{"line":150,"column":13}},"type":"if","locations":[{"start":{"line":146,"column":12},"end":{"line":150,"column":13}}]},"8":{"loc":{"start":{"line":165,"column":12},"end":{"line":169,"column":13}},"type":"if","locations":[{"start":{"line":165,"column":12},"end":{"line":169,"column":13}}]},"9":{"loc":{"start":{"line":196,"column":12},"end":{"line":200,"column":13}},"type":"if","locations":[{"start":{"line":196,"column":12},"end":{"line":200,"column":13}}]},"10":{"loc":{"start":{"line":218,"column":12},"end":{"line":222,"column":13}},"type":"if","locations":[{"start":{"line":218,"column":12},"end":{"line":222,"column":13}}]}},"s":{"0":2,"1":2,"2":2,"3":2,"4":2,"5":2,"6":5,"7":5,"8":5,"9":3,"10":3,"11":3,"12":2,"13":2,"14":2,"15":2,"16":2,"17":2,"18":2,"19":2,"20":2,"21":2,"22":2,"23":0,"24":2,"25":2,"26":2,"27":2,"28":1,"29":1,"30":1,"31":1,"32":1,"33":1,"34":1,"35":2,"36":14,"37":14,"38":14,"39":2,"40":2,"41":2,"42":12,"43":3,"44":3,"45":3,"46":9,"47":9,"48":2,"49":2,"50":2,"51":7,"52":7,"53":2,"54":0,"55":0,"56":0,"57":0,"58":0,"59":0,"60":0,"61":0,"62":0,"63":0,"64":2,"65":0,"66":0,"67":0,"68":0,"69":0,"70":0,"71":0,"72":2,"73":0,"74":0,"75":0,"76":0,"77":0,"78":0,"79":0,"80":0,"81":0,"82":0,"83":0,"84":2,"85":0,"86":2,"87":0,"88":0,"89":0,"90":0,"91":0,"92":0,"93":0,"94":0,"95":0,"96":0,"97":0,"98":2,"99":0,"100":0,"101":0,"102":0,"103":0,"104":0,"105":0,"106":0,"107":2},"f":{"0":5,"1":2,"2":14,"3":0,"4":0,"5":0,"6":0,"7":0,"8":0},"b":{"0":[3],"1":[2],"2":[1],"3":[2],"4":[3],"5":[2],"6":[0],"7":[0],"8":[0],"9":[0],"10":[0]}}
,"/home/manotz/Documentos/proyectos/CursoFullStackNodejsReactTS/cashtraker/backend/src/controllers/BudgetController.ts": {"path":"/home/manotz/Documentos/proyectos/CursoFullStackNodejsReactTS/cashtraker/backend/src/controllers/BudgetController.ts","statementMap":{"0":{"start":{"line":2,"column":0},"end":{"line":2,"column":38}},"1":{"start":{"line":3,"column":0},"end":{"line":3,"column":40}},"2":{"start":{"line":7,"column":20},"end":{"line":24,"column":5}},"3":{"start":{"line":8,"column":8},"end":{"line":23,"column":9}},"4":{"start":{"line":10,"column":28},"end":{"line":17,"column":14}},"5":{"start":{"line":19,"column":12},"end":{"line":19,"column":30}},"6":{"start":{"line":22,"column":12},"end":{"line":22,"column":59}},"7":{"start":{"line":26,"column":20},"end":{"line":39,"column":5}},"8":{"start":{"line":27,"column":8},"end":{"line":38,"column":9}},"9":{"start":{"line":28,"column":27},"end":{"line":28,"column":56}},"10":{"start":{"line":30,"column":12},"end":{"line":30,"column":40}},"11":{"start":{"line":32,"column":12},"end":{"line":32,"column":32}},"12":{"start":{"line":34,"column":12},"end":{"line":34,"column":69}},"13":{"start":{"line":37,"column":12},"end":{"line":37,"column":59}},"14":{"start":{"line":41,"column":21},"end":{"line":49,"column":5}},"15":{"start":{"line":43,"column":27},"end":{"line":45,"column":14}},"16":{"start":{"line":48,"column":12},"end":{"line":48,"column":29}},"17":{"start":{"line":51,"column":24},"end":{"line":55,"column":5}},"18":{"start":{"line":53,"column":8},"end":{"line":53,"column":42}},"19":{"start":{"line":54,"column":8},"end":{"line":54,"column":58}},"20":{"start":{"line":57,"column":24},"end":{"line":60,"column":5}},"21":{"start":{"line":58,"column":12},"end":{"line":58,"column":39}},"22":{"start":{"line":59,"column":12},"end":{"line":59,"column":60}},"23":{"start":{"line":5,"column":0},"end":{"line":5,"column":13}}},"fnMap":{"0":{"name":"(anonymous_1)","decl":{"start":{"line":7,"column":20},"end":{"line":7,"column":25}},"loc":{"start":{"line":7,"column":59},"end":{"line":24,"column":5}}},"1":{"name":"(anonymous_2)","decl":{"start":{"line":26,"column":20},"end":{"line":26,"column":25}},"loc":{"start":{"line":26,"column":59},"end":{"line":39,"column":5}}},"2":{"name":"(anonymous_3)","decl":{"start":{"line":41,"column":21},"end":{"line":41,"column":26}},"loc":{"start":{"line":41,"column":60},"end":{"line":49,"column":5}}},"3":{"name":"(anonymous_4)","decl":{"start":{"line":51,"column":24},"end":{"line":51,"column":29}},"loc":{"start":{"line":51,"column":63},"end":{"line":55,"column":5}}},"4":{"name":"(anonymous_5)","decl":{"start":{"line":57,"column":24},"end":{"line":57,"column":29}},"loc":{"start":{"line":57,"column":63},"end":{"line":60,"column":5}}}},"branchMap":{},"s":{"0":2,"1":2,"2":2,"3":5,"4":5,"5":4,"6":1,"7":2,"8":3,"9":3,"10":2,"11":2,"12":2,"13":1,"14":2,"15":4,"16":4,"17":2,"18":2,"19":2,"20":2,"21":2,"22":2,"23":2},"f":{"0":5,"1":3,"2":4,"3":2,"4":2},"b":{}}
,"/home/manotz/Documentos/proyectos/CursoFullStackNodejsReactTS/cashtraker/backend/src/controllers/ExpenseController.ts": {"path":"/home/manotz/Documentos/proyectos/CursoFullStackNodejsReactTS/cashtraker/backend/src/controllers/ExpenseController.ts","statementMap":{"0":{"start":{"line":2,"column":0},"end":{"line":2,"column":40}},"1":{"start":{"line":6,"column":20},"end":{"line":17,"column":5}},"2":{"start":{"line":7,"column":8},"end":{"line":16,"column":9}},"3":{"start":{"line":8,"column":29},"end":{"line":8,"column":42}},"4":{"start":{"line":9,"column":28},"end":{"line":9,"column":58}},"5":{"start":{"line":10,"column":12},"end":{"line":10,"column":40}},"6":{"start":{"line":11,"column":12},"end":{"line":11,"column":33}},"7":{"start":{"line":13,"column":12},"end":{"line":13,"column":65}},"8":{"start":{"line":15,"column":12},"end":{"line":15,"column":null}},"9":{"start":{"line":19,"column":21},"end":{"line":21,"column":5}},"10":{"start":{"line":20,"column":8},"end":{"line":20,"column":30}},"11":{"start":{"line":23,"column":24},"end":{"line":26,"column":5}},"12":{"start":{"line":24,"column":8},"end":{"line":24,"column":43}},"13":{"start":{"line":25,"column":8},"end":{"line":25,"column":47}},"14":{"start":{"line":28,"column":24},"end":{"line":32,"column":5}},"15":{"start":{"line":29,"column":8},"end":{"line":29,"column":36}},"16":{"start":{"line":30,"column":8},"end":{"line":30,"column":50}},"17":{"start":{"line":4,"column":0},"end":{"line":4,"column":13}}},"fnMap":{"0":{"name":"(anonymous_1)","decl":{"start":{"line":6,"column":20},"end":{"line":6,"column":25}},"loc":{"start":{"line":6,"column":58},"end":{"line":17,"column":5}}},"1":{"name":"(anonymous_2)","decl":{"start":{"line":19,"column":21},"end":{"line":19,"column":26}},"loc":{"start":{"line":19,"column":59},"end":{"line":21,"column":5}}},"2":{"name":"(anonymous_3)","decl":{"start":{"line":23,"column":24},"end":{"line":23,"column":29}},"loc":{"start":{"line":23,"column":62},"end":{"line":26,"column":5}}},"3":{"name":"(anonymous_4)","decl":{"start":{"line":28,"column":24},"end":{"line":28,"column":29}},"loc":{"start":{"line":28,"column":62},"end":{"line":32,"column":5}}}},"branchMap":{},"s":{"0":2,"1":2,"2":2,"3":2,"4":2,"5":1,"6":1,"7":1,"8":1,"9":2,"10":1,"11":2,"12":1,"13":1,"14":2,"15":1,"16":1,"17":2},"f":{"0":2,"1":1,"2":1,"3":1},"b":{}}
,"/home/manotz/Documentos/proyectos/CursoFullStackNodejsReactTS/cashtraker/backend/src/emails/AuthEmail.ts": {"path":"/home/manotz/Documentos/proyectos/CursoFullStackNodejsReactTS/cashtraker/backend/src/emails/AuthEmail.ts","statementMap":{"0":{"start":{"line":1,"column":0},"end":{"line":1,"column":48}},"1":{"start":{"line":10,"column":35},"end":{"line":22,"column":5}},"2":{"start":{"line":11,"column":22},"end":{"line":21,"column":10}},"3":{"start":{"line":24,"column":36},"end":{"line":36,"column":5}},"4":{"start":{"line":25,"column":22},"end":{"line":35,"column":10}},"5":{"start":{"line":9,"column":0},"end":{"line":9,"column":13}}},"fnMap":{"0":{"name":"(anonymous_0)","decl":{"start":{"line":10,"column":35},"end":{"line":10,"column":40}},"loc":{"start":{"line":10,"column":62},"end":{"line":22,"column":5}}},"1":{"name":"(anonymous_1)","decl":{"start":{"line":24,"column":36},"end":{"line":24,"column":41}},"loc":{"start":{"line":24,"column":63},"end":{"line":36,"column":5}}}},"branchMap":{},"s":{"0":2,"1":2,"2":1,"3":2,"4":0,"5":2},"f":{"0":1,"1":0},"b":{}}
,"/home/manotz/Documentos/proyectos/CursoFullStackNodejsReactTS/cashtraker/backend/src/middleware/auth.ts": {"path":"/home/manotz/Documentos/proyectos/CursoFullStackNodejsReactTS/cashtraker/backend/src/middleware/auth.ts","statementMap":{"0":{"start":{"line":2,"column":0},"end":{"line":2,"column":39}},"1":{"start":{"line":3,"column":0},"end":{"line":3,"column":34}},"2":{"start":{"line":13,"column":28},"end":{"line":50,"column":1}},"3":{"start":{"line":14,"column":27},"end":{"line":14,"column":52}},"4":{"start":{"line":16,"column":12},"end":{"line":20,"column":13}},"5":{"start":{"line":17,"column":30},"end":{"line":17,"column":56}},"6":{"start":{"line":18,"column":16},"end":{"line":18,"column":60}},"7":{"start":{"line":19,"column":16},"end":{"line":19,"column":22}},"8":{"start":{"line":22,"column":31},"end":{"line":22,"column":48}},"9":{"start":{"line":24,"column":12},"end":{"line":28,"column":13}},"10":{"start":{"line":25,"column":30},"end":{"line":25,"column":58}},"11":{"start":{"line":26,"column":16},"end":{"line":26,"column":60}},"12":{"start":{"line":27,"column":16},"end":{"line":27,"column":22}},"13":{"start":{"line":30,"column":12},"end":{"line":48,"column":13}},"14":{"start":{"line":32,"column":34},"end":{"line":32,"column":48}},"15":{"start":{"line":34,"column":16},"end":{"line":44,"column":17}},"16":{"start":{"line":37,"column":33},"end":{"line":39,"column":22}},"17":{"start":{"line":41,"column":20},"end":{"line":41,"column":36}},"18":{"start":{"line":42,"column":20},"end":{"line":42,"column":27}},"19":{"start":{"line":47,"column":16},"end":{"line":47,"column":null}},"20":{"start":{"line":13,"column":13},"end":{"line":13,"column":28}}},"fnMap":{"0":{"name":"(anonymous_1)","decl":{"start":{"line":13,"column":28},"end":{"line":13,"column":33}},"loc":{"start":{"line":13,"column":88},"end":{"line":50,"column":1}}}},"branchMap":{"0":{"loc":{"start":{"line":16,"column":12},"end":{"line":20,"column":13}},"type":"if","locations":[{"start":{"line":16,"column":12},"end":{"line":20,"column":13}}]},"1":{"loc":{"start":{"line":24,"column":12},"end":{"line":28,"column":13}},"type":"if","locations":[{"start":{"line":24,"column":12},"end":{"line":28,"column":13}}]},"2":{"loc":{"start":{"line":34,"column":16},"end":{"line":44,"column":17}},"type":"if","locations":[{"start":{"line":34,"column":16},"end":{"line":44,"column":17}}]},"3":{"loc":{"start":{"line":34,"column":19},"end":{"line":34,"column":64}},"type":"binary-expr","locations":[{"start":{"line":34,"column":19},"end":{"line":34,"column":48}},{"start":{"line":34,"column":52},"end":{"line":34,"column":64}}]}},"s":{"0":1,"1":1,"2":1,"3":17,"4":17,"5":6,"6":6,"7":6,"8":11,"9":11,"10":0,"11":0,"12":0,"13":11,"14":11,"15":10,"16":10,"17":10,"18":10,"19":1,"20":1},"f":{"0":17},"b":{"0":[6],"1":[0],"2":[10],"3":[10,10]}}
,"/home/manotz/Documentos/proyectos/CursoFullStackNodejsReactTS/cashtraker/backend/src/middleware/budget.ts": {"path":"/home/manotz/Documentos/proyectos/CursoFullStackNodejsReactTS/cashtraker/backend/src/middleware/budget.ts","statementMap":{"0":{"start":{"line":61,"column":0},"end":{"line":61,"column":16}},"1":{"start":{"line":2,"column":0},"end":{"line":2,"column":66}},"2":{"start":{"line":3,"column":0},"end":{"line":3,"column":38}},"3":{"start":{"line":15,"column":32},"end":{"line":27,"column":1}},"4":{"start":{"line":17,"column":8},"end":{"line":19,"column":78}},"5":{"start":{"line":19,"column":25},"end":{"line":19,"column":34}},"6":{"start":{"line":21,"column":21},"end":{"line":21,"column":42}},"7":{"start":{"line":22,"column":8},"end":{"line":25,"column":9}},"8":{"start":{"line":23,"column":12},"end":{"line":23,"column":null}},"9":{"start":{"line":24,"column":12},"end":{"line":24,"column":18}},"10":{"start":{"line":26,"column":9},"end":{"line":26,"column":null}},"11":{"start":{"line":15,"column":13},"end":{"line":15,"column":32}},"12":{"start":{"line":30,"column":36},"end":{"line":50,"column":1}},"13":{"start":{"line":32,"column":4},"end":{"line":48,"column":5}},"14":{"start":{"line":33,"column":27},"end":{"line":33,"column":37}},"15":{"start":{"line":35,"column":23},"end":{"line":35,"column":54}},"16":{"start":{"line":37,"column":8},"end":{"line":41,"column":9}},"17":{"start":{"line":38,"column":26},"end":{"line":38,"column":64}},"18":{"start":{"line":39,"column":12},"end":{"line":39,"column":56}},"19":{"start":{"line":40,"column":12},"end":{"line":40,"column":18}},"20":{"start":{"line":43,"column":8},"end":{"line":43,"column":28}},"21":{"start":{"line":45,"column":8},"end":{"line":45,"column":15}},"22":{"start":{"line":47,"column":8},"end":{"line":47,"column":55}},"23":{"start":{"line":30,"column":13},"end":{"line":30,"column":36}},"24":{"start":{"line":52,"column":35},"end":{"line":58,"column":1}},"25":{"start":{"line":54,"column":4},"end":{"line":54,"column":null}},"26":{"start":{"line":55,"column":4},"end":{"line":55,"column":null}},"27":{"start":{"line":55,"column":159},"end":{"line":55,"column":168}},"28":{"start":{"line":57,"column":5},"end":{"line":57,"column":null}},"29":{"start":{"line":52,"column":13},"end":{"line":52,"column":35}},"30":{"start":{"line":63,"column":4},"end":{"line":67,"column":5}},"31":{"start":{"line":64,"column":22},"end":{"line":64,"column":51}},"32":{"start":{"line":65,"column":8},"end":{"line":65,"column":52}},"33":{"start":{"line":66,"column":8},"end":{"line":66,"column":14}},"34":{"start":{"line":69,"column":4},"end":{"line":69,"column":11}}},"fnMap":{"0":{"name":"(anonymous_1)","decl":{"start":{"line":15,"column":32},"end":{"line":15,"column":37}},"loc":{"start":{"line":15,"column":89},"end":{"line":27,"column":1}}},"1":{"name":"(anonymous_2)","decl":{"start":{"line":19,"column":16},"end":{"line":19,"column":21}},"loc":{"start":{"line":19,"column":25},"end":{"line":19,"column":34}}},"2":{"name":"(anonymous_3)","decl":{"start":{"line":30,"column":36},"end":{"line":30,"column":41}},"loc":{"start":{"line":30,"column":93},"end":{"line":50,"column":1}}},"3":{"name":"(anonymous_4)","decl":{"start":{"line":52,"column":35},"end":{"line":52,"column":40}},"loc":{"start":{"line":52,"column":92},"end":{"line":58,"column":1}}},"4":{"name":"(anonymous_5)","decl":{"start":{"line":55,"column":150},"end":{"line":55,"column":155}},"loc":{"start":{"line":55,"column":159},"end":{"line":55,"column":168}}},"5":{"name":"hasAccess","decl":{"start":{"line":61,"column":16},"end":{"line":61,"column":25}},"loc":{"start":{"line":61,"column":72},"end":{"line":70,"column":1}}}},"branchMap":{"0":{"loc":{"start":{"line":22,"column":8},"end":{"line":25,"column":9}},"type":"if","locations":[{"start":{"line":22,"column":8},"end":{"line":25,"column":9}}]},"1":{"loc":{"start":{"line":37,"column":8},"end":{"line":41,"column":9}},"type":"if","locations":[{"start":{"line":37,"column":8},"end":{"line":41,"column":9}}]},"2":{"loc":{"start":{"line":63,"column":4},"end":{"line":67,"column":5}},"type":"if","locations":[{"start":{"line":63,"column":4},"end":{"line":67,"column":5}}]}},"s":{"0":3,"1":3,"2":3,"3":3,"4":7,"5":6,"6":7,"7":7,"8":1,"9":1,"10":6,"11":3,"12":3,"13":9,"14":9,"15":9,"16":8,"17":3,"18":3,"19":3,"20":5,"21":5,"22":1,"23":3,"24":3,"25":4,"26":4,"27":4,"28":4,"29":3,"30":7,"31":2,"32":2,"33":2,"34":5},"f":{"0":7,"1":6,"2":9,"3":4,"4":4,"5":7},"b":{"0":[1],"1":[3],"2":[2]}}
,"/home/manotz/Documentos/proyectos/CursoFullStackNodejsReactTS/cashtraker/backend/src/middleware/expense.ts": {"path":"/home/manotz/Documentos/proyectos/CursoFullStackNodejsReactTS/cashtraker/backend/src/middleware/expense.ts","statementMap":{"0":{"start":{"line":2,"column":0},"end":{"line":2,"column":65}},"1":{"start":{"line":3,"column":0},"end":{"line":3,"column":39}},"2":{"start":{"line":15,"column":36},"end":{"line":21,"column":1}},"3":{"start":{"line":17,"column":4},"end":{"line":17,"column":null}},"4":{"start":{"line":18,"column":4},"end":{"line":18,"column":null}},"5":{"start":{"line":18,"column":157},"end":{"line":18,"column":166}},"6":{"start":{"line":20,"column":5},"end":{"line":20,"column":null}},"7":{"start":{"line":15,"column":13},"end":{"line":15,"column":36}},"8":{"start":{"line":24,"column":33},"end":{"line":36,"column":1}},"9":{"start":{"line":26,"column":4},"end":{"line":26,"column":null}},"10":{"start":{"line":26,"column":90},"end":{"line":26,"column":99}},"11":{"start":{"line":28,"column":26},"end":{"line":28,"column":47}},"12":{"start":{"line":29,"column":13},"end":{"line":33,"column":14}},"13":{"start":{"line":31,"column":17},"end":{"line":31,"column":null}},"14":{"start":{"line":32,"column":17},"end":{"line":32,"column":23}},"15":{"start":{"line":35,"column":5},"end":{"line":35,"column":null}},"16":{"start":{"line":24,"column":13},"end":{"line":24,"column":33}},"17":{"start":{"line":38,"column":37},"end":{"line":57,"column":1}},"18":{"start":{"line":40,"column":4},"end":{"line":56,"column":5}},"19":{"start":{"line":41,"column":28},"end":{"line":41,"column":38}},"20":{"start":{"line":42,"column":24},"end":{"line":42,"column":57}},"21":{"start":{"line":44,"column":8},"end":{"line":48,"column":9}},"22":{"start":{"line":45,"column":26},"end":{"line":45,"column":58}},"23":{"start":{"line":46,"column":12},"end":{"line":46,"column":57}},"24":{"start":{"line":47,"column":12},"end":{"line":47,"column":19}},"25":{"start":{"line":50,"column":8},"end":{"line":50,"column":30}},"26":{"start":{"line":52,"column":8},"end":{"line":52,"column":15}},"27":{"start":{"line":55,"column":8},"end":{"line":55,"column":54}},"28":{"start":{"line":38,"column":13},"end":{"line":38,"column":37}}},"fnMap":{"0":{"name":"(anonymous_1)","decl":{"start":{"line":15,"column":36},"end":{"line":15,"column":41}},"loc":{"start":{"line":15,"column":93},"end":{"line":21,"column":1}}},"1":{"name":"(anonymous_2)","decl":{"start":{"line":18,"column":148},"end":{"line":18,"column":153}},"loc":{"start":{"line":18,"column":157},"end":{"line":18,"column":166}}},"2":{"name":"(anonymous_3)","decl":{"start":{"line":24,"column":33},"end":{"line":24,"column":38}},"loc":{"start":{"line":24,"column":90},"end":{"line":36,"column":1}}},"3":{"name":"(anonymous_4)","decl":{"start":{"line":26,"column":81},"end":{"line":26,"column":86}},"loc":{"start":{"line":26,"column":90},"end":{"line":26,"column":99}}},"4":{"name":"(anonymous_5)","decl":{"start":{"line":38,"column":37},"end":{"line":38,"column":42}},"loc":{"start":{"line":38,"column":94},"end":{"line":57,"column":1}}}},"branchMap":{"0":{"loc":{"start":{"line":29,"column":13},"end":{"line":33,"column":14}},"type":"if","locations":[{"start":{"line":29,"column":13},"end":{"line":33,"column":14}}]},"1":{"loc":{"start":{"line":44,"column":8},"end":{"line":48,"column":9}},"type":"if","locations":[{"start":{"line":44,"column":8},"end":{"line":48,"column":9}}]}},"s":{"0":2,"1":2,"2":2,"3":0,"4":0,"5":0,"6":0,"7":2,"8":2,"9":0,"10":0,"11":0,"12":0,"13":0,"14":0,"15":0,"16":2,"17":2,"18":3,"19":3,"20":3,"21":2,"22":1,"23":1,"24":1,"25":1,"26":1,"27":1,"28":2},"f":{"0":0,"1":0,"2":0,"3":0,"4":3},"b":{"0":[0],"1":[1]}}
,"/home/manotz/Documentos/proyectos/CursoFullStackNodejsReactTS/cashtraker/backend/src/middleware/validation.ts": {"path":"/home/manotz/Documentos/proyectos/CursoFullStackNodejsReactTS/cashtraker/backend/src/middleware/validation.ts","statementMap":{"0":{"start":{"line":2,"column":0},"end":{"line":2,"column":52}},"1":{"start":{"line":4,"column":33},"end":{"line":12,"column":1}},"2":{"start":{"line":5,"column":17},"end":{"line":5,"column":38}},"3":{"start":{"line":6,"column":4},"end":{"line":10,"column":5}},"4":{"start":{"line":8,"column":8},"end":{"line":8,"column":null}},"5":{"start":{"line":9,"column":8},"end":{"line":9,"column":14}},"6":{"start":{"line":11,"column":4},"end":{"line":11,"column":null}},"7":{"start":{"line":4,"column":13},"end":{"line":4,"column":33}}},"fnMap":{"0":{"name":"(anonymous_0)","decl":{"start":{"line":4,"column":33},"end":{"line":4,"column":34}},"loc":{"start":{"line":4,"column":85},"end":{"line":12,"column":1}}}},"branchMap":{"0":{"loc":{"start":{"line":6,"column":4},"end":{"line":10,"column":5}},"type":"if","locations":[{"start":{"line":6,"column":4},"end":{"line":10,"column":5}}]}},"s":{"0":1,"1":1,"2":26,"3":26,"4":9,"5":9,"6":17,"7":1},"f":{"0":26},"b":{"0":[9]}}
,"/home/manotz/Documentos/proyectos/CursoFullStackNodejsReactTS/cashtraker/backend/src/models/Budget.ts": {"path":"/home/manotz/Documentos/proyectos/CursoFullStackNodejsReactTS/cashtraker/backend/src/models/Budget.ts","statementMap":{"0":{"start":{"line":1,"column":0},"end":{"line":1,"column":112}},"1":{"start":{"line":2,"column":0},"end":{"line":2,"column":32}},"2":{"start":{"line":3,"column":0},"end":{"line":3,"column":26}},"3":{"start":{"line":10,"column":0},"end":{"line":36,"column":null}},"4":{"start":{"line":16,"column":12},"end":{"line":16,"column":null}},"5":{"start":{"line":22,"column":12},"end":{"line":22,"column":null}},"6":{"start":{"line":28,"column":12},"end":{"line":28,"column":null}},"7":{"start":{"line":24,"column":19},"end":{"line":24,"column":26}},"8":{"start":{"line":31,"column":12},"end":{"line":31,"column":null}},"9":{"start":{"line":30,"column":22},"end":{"line":30,"column":26}},"10":{"start":{"line":34,"column":12},"end":{"line":34,"column":null}},"11":{"start":{"line":33,"column":21},"end":{"line":33,"column":25}},"12":{"start":{"line":10,"column":6},"end":{"line":36,"column":null}},"13":{"start":{"line":38,"column":0},"end":{"line":38,"column":null}}},"fnMap":{"0":{"name":"(anonymous_3)","decl":{"start":{"line":24,"column":13},"end":{"line":24,"column":16}},"loc":{"start":{"line":24,"column":19},"end":{"line":24,"column":26}}},"1":{"name":"(anonymous_4)","decl":{"start":{"line":30,"column":16},"end":{"line":30,"column":19}},"loc":{"start":{"line":30,"column":22},"end":{"line":30,"column":26}}},"2":{"name":"(anonymous_5)","decl":{"start":{"line":33,"column":15},"end":{"line":33,"column":18}},"loc":{"start":{"line":33,"column":21},"end":{"line":33,"column":25}}}},"branchMap":{},"s":{"0":3,"1":3,"2":3,"3":3,"4":3,"5":3,"6":3,"7":3,"8":3,"9":2,"10":3,"11":3,"12":3,"13":3},"f":{"0":3,"1":2,"2":3},"b":{}}
,"/home/manotz/Documentos/proyectos/CursoFullStackNodejsReactTS/cashtraker/backend/src/models/Expense.ts": {"path":"/home/manotz/Documentos/proyectos/CursoFullStackNodejsReactTS/cashtraker/backend/src/models/Expense.ts","statementMap":{"0":{"start":{"line":1,"column":0},"end":{"line":1,"column":104}},"1":{"start":{"line":2,"column":0},"end":{"line":2,"column":30}},"2":{"start":{"line":8,"column":0},"end":{"line":26,"column":null}},"3":{"start":{"line":13,"column":12},"end":{"line":13,"column":null}},"4":{"start":{"line":19,"column":12},"end":{"line":19,"column":null}},"5":{"start":{"line":22,"column":12},"end":{"line":22,"column":null}},"6":{"start":{"line":21,"column":22},"end":{"line":21,"column":28}},"7":{"start":{"line":25,"column":12},"end":{"line":25,"column":null}},"8":{"start":{"line":24,"column":21},"end":{"line":24,"column":27}},"9":{"start":{"line":8,"column":6},"end":{"line":26,"column":null}},"10":{"start":{"line":28,"column":0},"end":{"line":28,"column":null}}},"fnMap":{"0":{"name":"(anonymous_3)","decl":{"start":{"line":21,"column":16},"end":{"line":21,"column":19}},"loc":{"start":{"line":21,"column":22},"end":{"line":21,"column":28}}},"1":{"name":"(anonymous_4)","decl":{"start":{"line":24,"column":15},"end":{"line":24,"column":18}},"loc":{"start":{"line":24,"column":21},"end":{"line":24,"column":27}}}},"branchMap":{},"s":{"0":3,"1":3,"2":3,"3":3,"4":3,"5":3,"6":2,"7":3,"8":2,"9":3,"10":3},"f":{"0":2,"1":2},"b":{}}
,"/home/manotz/Documentos/proyectos/CursoFullStackNodejsReactTS/cashtraker/backend/src/models/User.ts": {"path":"/home/manotz/Documentos/proyectos/CursoFullStackNodejsReactTS/cashtraker/backend/src/models/User.ts","statementMap":{"0":{"start":{"line":1,"column":0},"end":{"line":1,"column":107}},"1":{"start":{"line":2,"column":0},"end":{"line":2,"column":30}},"2":{"start":{"line":10,"column":0},"end":{"line":51,"column":null}},"3":{"start":{"line":15,"column":12},"end":{"line":15,"column":null}},"4":{"start":{"line":23,"column":12},"end":{"line":23,"column":null}},"5":{"start":{"line":31,"column":12},"end":{"line":31,"column":null}},"6":{"start":{"line":37,"column":12},"end":{"line":37,"column":null}},"7":{"start":{"line":44,"column":12},"end":{"line":44,"column":null}},"8":{"start":{"line":50,"column":12},"end":{"line":50,"column":null}},"9":{"start":{"line":46,"column":19},"end":{"line":46,"column":25}},"10":{"start":{"line":10,"column":6},"end":{"line":51,"column":null}},"11":{"start":{"line":53,"column":0},"end":{"line":53,"column":null}}},"fnMap":{"0":{"name":"(anonymous_3)","decl":{"start":{"line":46,"column":13},"end":{"line":46,"column":16}},"loc":{"start":{"line":46,"column":19},"end":{"line":46,"column":25}}}},"branchMap":{},"s":{"0":3,"1":3,"2":3,"3":3,"4":3,"5":3,"6":3,"7":3,"8":3,"9":2,"10":3,"11":3},"f":{"0":2},"b":{}}
,"/home/manotz/Documentos/proyectos/CursoFullStackNodejsReactTS/cashtraker/backend/src/routers/authRouter.ts": {"path":"/home/manotz/Documentos/proyectos/CursoFullStackNodejsReactTS/cashtraker/backend/src/routers/authRouter.ts","statementMap":{"0":{"start":{"line":1,"column":0},"end":{"line":1,"column":33}},"1":{"start":{"line":2,"column":0},"end":{"line":2,"column":48}},"2":{"start":{"line":3,"column":0},"end":{"line":3,"column":63}},"3":{"start":{"line":4,"column":0},"end":{"line":4,"column":61}},"4":{"start":{"line":5,"column":0},"end":{"line":5,"column":44}},"5":{"start":{"line":6,"column":0},"end":{"line":6,"column":50}},"6":{"start":{"line":8,"column":15},"end":{"line":8,"column":23}},"7":{"start":{"line":10,"column":0},"end":{"line":10,"column":20}},"8":{"start":{"line":12,"column":0},"end":{"line":20,"column":2}},"9":{"start":{"line":22,"column":0},"end":{"line":26,"column":2}},"10":{"start":{"line":28,"column":0},"end":{"line":36,"column":null}},"11":{"start":{"line":39,"column":0},"end":{"line":47,"column":null}},"12":{"start":{"line":50,"column":0},"end":{"line":57,"column":null}},"13":{"start":{"line":59,"column":0},"end":{"line":68,"column":null}},"14":{"start":{"line":71,"column":0},"end":{"line":74,"column":null}},"15":{"start":{"line":77,"column":0},"end":{"line":87,"column":null}},"16":{"start":{"line":90,"column":0},"end":{"line":100,"column":null}},"17":{"start":{"line":103,"column":0},"end":{"line":103,"column":22}}},"fnMap":{},"branchMap":{},"s":{"0":1,"1":1,"2":1,"3":1,"4":1,"5":1,"6":1,"7":1,"8":1,"9":1,"10":1,"11":1,"12":1,"13":1,"14":1,"15":1,"16":1,"17":1},"f":{},"b":{}}
,"/home/manotz/Documentos/proyectos/CursoFullStackNodejsReactTS/cashtraker/backend/src/routers/budgetRouter.ts": {"path":"/home/manotz/Documentos/proyectos/CursoFullStackNodejsReactTS/cashtraker/backend/src/routers/budgetRouter.ts","statementMap":{"0":{"start":{"line":1,"column":0},"end":{"line":1,"column":33}},"1":{"start":{"line":3,"column":0},"end":{"line":3,"column":67}},"2":{"start":{"line":4,"column":0},"end":{"line":4,"column":61}},"3":{"start":{"line":5,"column":0},"end":{"line":5,"column":110}},"4":{"start":{"line":6,"column":0},"end":{"line":6,"column":70}},"5":{"start":{"line":7,"column":0},"end":{"line":7,"column":103}},"6":{"start":{"line":8,"column":0},"end":{"line":8,"column":50}},"7":{"start":{"line":11,"column":15},"end":{"line":11,"column":23}},"8":{"start":{"line":13,"column":0},"end":{"line":13,"column":25}},"9":{"start":{"line":15,"column":0},"end":{"line":15,"column":43}},"10":{"start":{"line":16,"column":0},"end":{"line":16,"column":47}},"11":{"start":{"line":17,"column":0},"end":{"line":17,"column":36}},"12":{"start":{"line":19,"column":0},"end":{"line":19,"column":45}},"13":{"start":{"line":20,"column":0},"end":{"line":20,"column":49}},"14":{"start":{"line":22,"column":0},"end":{"line":22,"column":41}},"15":{"start":{"line":24,"column":0},"end":{"line":30,"column":2}},"16":{"start":{"line":33,"column":0},"end":{"line":35,"column":2}},"17":{"start":{"line":38,"column":0},"end":{"line":44,"column":2}},"18":{"start":{"line":46,"column":0},"end":{"line":48,"column":2}},"19":{"start":{"line":53,"column":0},"end":{"line":59,"column":2}},"20":{"start":{"line":62,"column":0},"end":{"line":62,"column":73}},"21":{"start":{"line":65,"column":0},"end":{"line":72,"column":2}},"22":{"start":{"line":75,"column":0},"end":{"line":75,"column":79}},"23":{"start":{"line":76,"column":0},"end":{"line":76,"column":22}}},"fnMap":{},"branchMap":{},"s":{"0":1,"1":1,"2":1,"3":1,"4":1,"5":1,"6":1,"7":1,"8":1,"9":1,"10":1,"11":1,"12":1,"13":1,"14":1,"15":1,"16":1,"17":1,"18":1,"19":1,"20":1,"21":1,"22":1,"23":1},"f":{},"b":{}}
,"/home/manotz/Documentos/proyectos/CursoFullStackNodejsReactTS/cashtraker/backend/src/tests/mocks/budget.ts": {"path":"/home/manotz/Documentos/proyectos/CursoFullStackNodejsReactTS/cashtraker/backend/src/tests/mocks/budget.ts","statementMap":{"0":{"start":{"line":1,"column":13},"end":{"line":71,"column":2}}},"fnMap":{},"branchMap":{},"s":{"0":3},"f":{},"b":{}}
,"/home/manotz/Documentos/proyectos/CursoFullStackNodejsReactTS/cashtraker/backend/src/tests/mocks/expense.ts": {"path":"/home/manotz/Documentos/proyectos/CursoFullStackNodejsReactTS/cashtraker/backend/src/tests/mocks/expense.ts","statementMap":{"0":{"start":{"line":1,"column":13},"end":{"line":26,"column":null}}},"fnMap":{},"branchMap":{},"s":{"0":2},"f":{},"b":{}}
,"/home/manotz/Documentos/proyectos/CursoFullStackNodejsReactTS/cashtraker/backend/src/utils/auth.ts": {"path":"/home/manotz/Documentos/proyectos/CursoFullStackNodejsReactTS/cashtraker/backend/src/utils/auth.ts","statementMap":{"0":{"start":{"line":1,"column":0},"end":{"line":1,"column":27}},"1":{"start":{"line":3,"column":28},"end":{"line":6,"column":1}},"2":{"start":{"line":4,"column":17},"end":{"line":4,"column":41}},"3":{"start":{"line":5,"column":4},"end":{"line":5,"column":45}},"4":{"start":{"line":3,"column":13},"end":{"line":3,"column":28}},"5":{"start":{"line":9,"column":29},"end":{"line":11,"column":1}},"6":{"start":{"line":10,"column":4},"end":{"line":10,"column":48}},"7":{"start":{"line":9,"column":13},"end":{"line":9,"column":29}}},"fnMap":{"0":{"name":"(anonymous_1)","decl":{"start":{"line":3,"column":28},"end":{"line":3,"column":33}},"loc":{"start":{"line":3,"column":55},"end":{"line":6,"column":1}}},"1":{"name":"(anonymous_2)","decl":{"start":{"line":9,"column":29},"end":{"line":9,"column":34}},"loc":{"start":{"line":9,"column":70},"end":{"line":11,"column":1}}}},"branchMap":{},"s":{"0":2,"1":2,"2":1,"3":1,"4":2,"5":2,"6":5,"7":2},"f":{"0":1,"1":5},"b":{}}
,"/home/manotz/Documentos/proyectos/CursoFullStackNodejsReactTS/cashtraker/backend/src/utils/jwt.ts": {"path":"/home/manotz/Documentos/proyectos/CursoFullStackNodejsReactTS/cashtraker/backend/src/utils/jwt.ts","statementMap":{"0":{"start":{"line":1,"column":0},"end":{"line":1,"column":31}},"1":{"start":{"line":4,"column":27},"end":{"line":11,"column":1}},"2":{"start":{"line":6,"column":18},"end":{"line":8,"column":6}},"3":{"start":{"line":10,"column":4},"end":{"line":10,"column":null}},"4":{"start":{"line":4,"column":13},"end":{"line":4,"column":27}},"5":{"start":{"line":13,"column":23},"end":{"line":17,"column":1}},"6":{"start":{"line":14,"column":19},"end":{"line":14,"column":60}},"7":{"start":{"line":16,"column":4},"end":{"line":16,"column":18}},"8":{"start":{"line":13,"column":13},"end":{"line":13,"column":23}}},"fnMap":{"0":{"name":"(anonymous_1)","decl":{"start":{"line":4,"column":27},"end":{"line":4,"column":28}},"loc":{"start":{"line":4,"column":50},"end":{"line":11,"column":1}}},"1":{"name":"(anonymous_2)","decl":{"start":{"line":13,"column":23},"end":{"line":13,"column":24}},"loc":{"start":{"line":13,"column":41},"end":{"line":17,"column":1}}}},"branchMap":{},"s":{"0":2,"1":2,"2":5,"3":5,"4":2,"5":2,"6":11,"7":10,"8":2},"f":{"0":5,"1":11},"b":{}}
,"/home/manotz/Documentos/proyectos/CursoFullStackNodejsReactTS/cashtraker/backend/src/utils/token.ts": {"path":"/home/manotz/Documentos/proyectos/CursoFullStackNodejsReactTS/cashtraker/backend/src/utils/token.ts","statementMap":{"0":{"start":{"line":2,"column":29},"end":{"line":2,"column":89}},"1":{"start":{"line":2,"column":35},"end":{"line":2,"column":89}},"2":{"start":{"line":2,"column":13},"end":{"line":2,"column":29}}},"fnMap":{"0":{"name":"(anonymous_0)","decl":{"start":{"line":2,"column":29},"end":{"line":2,"column":32}},"loc":{"start":{"line":2,"column":35},"end":{"line":2,"column":89}}}},"branchMap":{},"s":{"0":2,"1":1,"2":2},"f":{"0":1},"b":{}}
}
