TN:
SF:src/server.ts
FN:9,connectDB
FNF:1
FNH:1
FNDA:1,connectDB
DA:1,1
DA:2,1
DA:3,1
DA:4,1
DA:5,1
DA:6,1
DA:9,1
DA:10,1
DA:11,1
DA:12,1
DA:13,1
DA:17,0
DA:21,1
DA:23,1
DA:25,1
DA:27,1
DA:30,1
DA:31,1
DA:34,1
LF:19
LH:18
BRF:0
BRH:0
end_of_record
TN:
SF:src/config/db.ts
FNF:0
FNH:0
DA:1,1
DA:2,1
DA:3,1
DA:5,1
LF:4
LH:4
BRF:0
BRH:0
end_of_record
TN:
SF:src/config/limiter.ts
FNF:0
FNH:0
DA:1,1
DA:3,1
LF:2
LH:2
BRDA:5,0,0,0
BRDA:5,0,1,1
BRF:2
BRH:1
end_of_record
TN:
SF:src/config/nodemailer.ts
FN:6,(anonymous_1)
FNF:1
FNH:1
FNDA:2,(anonymous_1)
DA:1,2
DA:2,2
DA:4,2
DA:6,2
DA:7,2
DA:18,2
LF:6
LH:6
BRF:0
BRH:0
end_of_record
TN:
SF:src/controllers/AuthController.ts
FN:10,(anonymous_1)
FN:58,(anonymous_2)
FN:80,(anonymous_3)
FN:114,(anonymous_4)
FN:140,(anonymous_5)
FN:157,(anonymous_6)
FN:182,(anonymous_7)
FN:186,(anonymous_8)
FN:210,(anonymous_9)
FNF:9
FNH:3
FNDA:5,(anonymous_1)
FNDA:2,(anonymous_2)
FNDA:14,(anonymous_3)
FNDA:0,(anonymous_4)
FNDA:0,(anonymous_5)
FNDA:0,(anonymous_6)
FNDA:0,(anonymous_7)
FNDA:0,(anonymous_8)
FNDA:0,(anonymous_9)
DA:2,2
DA:3,2
DA:4,2
DA:5,2
DA:6,2
DA:9,2
DA:10,2
DA:12,5
DA:16,5
DA:22,5
DA:23,3
DA:24,3
DA:25,3
DA:28,2
DA:29,2
DA:31,2
DA:32,2
DA:33,2
DA:35,2
DA:36,2
DA:39,2
DA:40,2
DA:42,2
DA:48,2
DA:53,0
DA:58,2
DA:60,2
DA:62,2
DA:64,2
DA:65,1
DA:66,1
DA:67,1
DA:70,1
DA:71,1
DA:73,1
DA:75,1
DA:80,2
DA:82,14
DA:84,14
DA:86,14
DA:87,2
DA:88,2
DA:89,2
DA:92,12
DA:93,3
DA:94,3
DA:95,3
DA:98,9
DA:101,9
DA:102,2
DA:103,2
DA:104,2
DA:107,7
DA:109,7
DA:114,2
DA:116,0
DA:118,0
DA:120,0
DA:121,0
DA:122,0
DA:123,0
DA:126,0
DA:128,0
DA:130,0
DA:136,0
DA:140,2
DA:142,0
DA:144,0
DA:146,0
DA:147,0
DA:148,0
DA:149,0
DA:152,0
DA:157,2
DA:159,0
DA:161,0
DA:163,0
DA:165,0
DA:166,0
DA:167,0
DA:168,0
DA:172,0
DA:173,0
DA:175,0
DA:177,0
DA:182,2
DA:183,0
DA:186,2
DA:187,0
DA:190,0
DA:192,0
DA:194,0
DA:196,0
DA:197,0
DA:198,0
DA:199,0
DA:202,0
DA:204,0
DA:206,0
DA:210,2
DA:212,0
DA:214,0
DA:216,0
DA:218,0
DA:219,0
DA:220,0
DA:221,0
DA:224,0
LF:108
LH:59
BRDA:22,0,0,3
BRDA:35,1,0,2
BRDA:64,2,0,1
BRDA:86,3,0,2
BRDA:92,4,0,3
BRDA:101,5,0,2
BRDA:120,6,0,0
BRDA:146,7,0,0
BRDA:165,8,0,0
BRDA:196,9,0,0
BRDA:218,10,0,0
BRF:11
BRH:6
end_of_record
TN:
SF:src/controllers/BudgetController.ts
FN:7,(anonymous_1)
FN:26,(anonymous_2)
FN:41,(anonymous_3)
FN:51,(anonymous_4)
FN:57,(anonymous_5)
FNF:5
FNH:5
FNDA:5,(anonymous_1)
FNDA:3,(anonymous_2)
FNDA:4,(anonymous_3)
FNDA:2,(anonymous_4)
FNDA:2,(anonymous_5)
DA:2,2
DA:3,2
DA:5,2
DA:7,2
DA:8,5
DA:10,5
DA:19,4
DA:22,1
DA:26,2
DA:27,3
DA:28,3
DA:30,2
DA:32,2
DA:34,2
DA:37,1
DA:41,2
DA:43,4
DA:48,4
DA:51,2
DA:53,2
DA:54,2
DA:57,2
DA:58,2
DA:59,2
LF:24
LH:24
BRF:0
BRH:0
end_of_record
TN:
SF:src/controllers/ExpenseController.ts
FN:6,(anonymous_1)
FN:19,(anonymous_2)
FN:23,(anonymous_3)
FN:28,(anonymous_4)
FNF:4
FNH:4
FNDA:2,(anonymous_1)
FNDA:1,(anonymous_2)
FNDA:1,(anonymous_3)
FNDA:1,(anonymous_4)
DA:2,2
DA:4,2
DA:6,2
DA:7,2
DA:8,2
DA:9,2
DA:10,1
DA:11,1
DA:13,1
DA:15,1
DA:19,2
DA:20,1
DA:23,2
DA:24,1
DA:25,1
DA:28,2
DA:29,1
DA:30,1
LF:18
LH:18
BRF:0
BRH:0
end_of_record
TN:
SF:src/emails/AuthEmail.ts
FN:10,(anonymous_0)
FN:24,(anonymous_1)
FNF:2
FNH:1
FNDA:1,(anonymous_0)
FNDA:0,(anonymous_1)
DA:1,2
DA:9,2
DA:10,2
DA:11,1
DA:24,2
DA:25,0
LF:6
LH:5
BRF:0
BRH:0
end_of_record
TN:
SF:src/middleware/auth.ts
FN:13,(anonymous_1)
FNF:1
FNH:1
FNDA:17,(anonymous_1)
DA:2,1
DA:3,1
DA:13,1
DA:14,17
DA:16,17
DA:17,6
DA:18,6
DA:19,6
DA:22,11
DA:24,11
DA:25,0
DA:26,0
DA:27,0
DA:30,11
DA:32,11
DA:34,10
DA:37,10
DA:41,10
DA:42,10
DA:47,1
LF:20
LH:17
BRDA:16,0,0,6
BRDA:24,1,0,0
BRDA:34,2,0,10
BRDA:34,3,0,10
BRDA:34,3,1,10
BRF:5
BRH:4
end_of_record
TN:
SF:src/middleware/budget.ts
FN:15,(anonymous_1)
FN:19,(anonymous_2)
FN:30,(anonymous_3)
FN:52,(anonymous_4)
FN:55,(anonymous_5)
FN:61,hasAccess
FNF:6
FNH:6
FNDA:7,(anonymous_1)
FNDA:6,(anonymous_2)
FNDA:9,(anonymous_3)
FNDA:4,(anonymous_4)
FNDA:4,(anonymous_5)
FNDA:7,hasAccess
DA:2,3
DA:3,3
DA:15,3
DA:17,7
DA:19,6
DA:21,7
DA:22,7
DA:23,1
DA:24,1
DA:26,6
DA:30,3
DA:32,9
DA:33,9
DA:35,9
DA:37,8
DA:38,3
DA:39,3
DA:40,3
DA:43,5
DA:45,5
DA:47,1
DA:52,3
DA:54,4
DA:55,4
DA:57,4
DA:61,3
DA:63,7
DA:64,2
DA:65,2
DA:66,2
DA:69,5
LF:31
LH:31
BRDA:22,0,0,1
BRDA:37,1,0,3
BRDA:63,2,0,2
BRF:3
BRH:3
end_of_record
TN:
SF:src/middleware/expense.ts
FN:15,(anonymous_1)
FN:18,(anonymous_2)
FN:24,(anonymous_3)
FN:26,(anonymous_4)
FN:38,(anonymous_5)
FNF:5
FNH:1
FNDA:0,(anonymous_1)
FNDA:0,(anonymous_2)
FNDA:0,(anonymous_3)
FNDA:0,(anonymous_4)
FNDA:3,(anonymous_5)
DA:2,2
DA:3,2
DA:15,2
DA:17,0
DA:18,0
DA:20,0
DA:24,2
DA:26,0
DA:28,0
DA:29,0
DA:31,0
DA:32,0
DA:35,0
DA:38,2
DA:40,3
DA:41,3
DA:42,3
DA:44,2
DA:45,1
DA:46,1
DA:47,1
DA:50,1
DA:52,1
DA:55,1
LF:24
LH:15
BRDA:29,0,0,0
BRDA:44,1,0,1
BRF:2
BRH:1
end_of_record
TN:
SF:src/middleware/validation.ts
FN:4,(anonymous_0)
FNF:1
FNH:1
FNDA:26,(anonymous_0)
DA:2,1
DA:4,1
DA:5,26
DA:6,26
DA:8,9
DA:9,9
DA:11,17
LF:7
LH:7
BRDA:6,0,0,9
BRF:1
BRH:1
end_of_record
TN:
SF:src/models/Budget.ts
FN:24,(anonymous_3)
FN:30,(anonymous_4)
FN:33,(anonymous_5)
FNF:3
FNH:3
FNDA:3,(anonymous_3)
FNDA:2,(anonymous_4)
FNDA:3,(anonymous_5)
DA:1,3
DA:2,3
DA:3,3
DA:10,3
DA:16,3
DA:22,3
DA:24,3
DA:28,3
DA:30,2
DA:31,3
DA:33,3
DA:34,3
DA:38,3
LF:13
LH:13
BRF:0
BRH:0
end_of_record
TN:
SF:src/models/Expense.ts
FN:21,(anonymous_3)
FN:24,(anonymous_4)
FNF:2
FNH:2
FNDA:2,(anonymous_3)
FNDA:2,(anonymous_4)
DA:1,3
DA:2,3
DA:8,3
DA:13,3
DA:19,3
DA:21,2
DA:22,3
DA:24,2
DA:25,3
DA:28,3
LF:10
LH:10
BRF:0
BRH:0
end_of_record
TN:
SF:src/models/User.ts
FN:46,(anonymous_3)
FNF:1
FNH:1
FNDA:2,(anonymous_3)
DA:1,3
DA:2,3
DA:10,3
DA:15,3
DA:23,3
DA:31,3
DA:37,3
DA:44,3
DA:46,2
DA:50,3
DA:53,3
LF:11
LH:11
BRF:0
BRH:0
end_of_record
TN:
SF:src/routers/authRouter.ts
FNF:0
FNH:0
DA:1,1
DA:2,1
DA:3,1
DA:4,1
DA:5,1
DA:6,1
DA:8,1
DA:10,1
DA:12,1
DA:22,1
DA:28,1
DA:39,1
DA:50,1
DA:59,1
DA:71,1
DA:77,1
DA:90,1
DA:103,1
LF:18
LH:18
BRF:0
BRH:0
end_of_record
TN:
SF:src/routers/budgetRouter.ts
FNF:0
FNH:0
DA:1,1
DA:3,1
DA:4,1
DA:5,1
DA:6,1
DA:7,1
DA:8,1
DA:11,1
DA:13,1
DA:15,1
DA:16,1
DA:17,1
DA:19,1
DA:20,1
DA:22,1
DA:24,1
DA:33,1
DA:38,1
DA:46,1
DA:53,1
DA:62,1
DA:65,1
DA:75,1
DA:76,1
LF:24
LH:24
BRF:0
BRH:0
end_of_record
TN:
SF:src/tests/mocks/budget.ts
FNF:0
FNH:0
DA:1,3
LF:1
LH:1
BRF:0
BRH:0
end_of_record
TN:
SF:src/tests/mocks/expense.ts
FNF:0
FNH:0
DA:1,2
LF:1
LH:1
BRF:0
BRH:0
end_of_record
TN:
SF:src/utils/auth.ts
FN:3,(anonymous_1)
FN:9,(anonymous_2)
FNF:2
FNH:2
FNDA:1,(anonymous_1)
FNDA:5,(anonymous_2)
DA:1,2
DA:3,2
DA:4,1
DA:5,1
DA:9,2
DA:10,5
LF:6
LH:6
BRF:0
BRH:0
end_of_record
TN:
SF:src/utils/jwt.ts
FN:4,(anonymous_1)
FN:13,(anonymous_2)
FNF:2
FNH:2
FNDA:5,(anonymous_1)
FNDA:11,(anonymous_2)
DA:1,2
DA:4,2
DA:6,5
DA:10,5
DA:13,2
DA:14,11
DA:16,10
LF:7
LH:7
BRF:0
BRH:0
end_of_record
TN:
SF:src/utils/token.ts
FN:2,(anonymous_0)
FNF:1
FNH:1
FNDA:1,(anonymous_0)
DA:2,2
LF:1
LH:1
BRF:0
BRH:0
end_of_record
